time="2026-07-21T21:14:13Z" level=warning msg="/var/www/truedial/docker-compose.yml: the attribute `version` is obsolete, it will be ignored, please remove it to avoid potential confusion"
 Image truedial-truedial_frontend Building 
#1 [internal] load local bake definitions
#1 reading from stdin 532B done
#1 DONE 0.0s

#2 [internal] load build definition from Dockerfile
#2 transferring dockerfile: 547B done
#2 DONE 0.0s

#3 [internal] load metadata for docker.io/library/node:20-alpine
#3 DONE 0.8s

#4 [internal] load .dockerignore
#4 transferring context: 2B done
#4 DONE 0.0s

#5 [deps 1/4] FROM docker.io/library/node:20-alpine@sha256:fb4cd12c85ee03686f6af5362a0b0d56d50c58a04632e6c0fb8363f609372293
#5 resolve docker.io/library/node:20-alpine@sha256:fb4cd12c85ee03686f6af5362a0b0d56d50c58a04632e6c0fb8363f609372293 0.0s done
#5 DONE 0.0s

#6 [deps 2/4] WORKDIR /app
#6 CACHED

#7 [internal] load build context
#7 transferring context: 3.45kB done
#7 DONE 0.0s

#8 [deps 3/4] COPY package.json package-lock.json* ./
#8 CACHED

#9 [deps 4/4] RUN npm install
#9 CACHED

#10 [builder 3/5] COPY --from=deps /app/node_modules ./node_modules
#10 CACHED

#11 [builder 4/5] COPY . .
#11 DONE 0.0s

#12 [builder 5/5] RUN npm run build
#12 0.421 
#12 0.421 > truedial-frontend@0.1.0 build
#12 0.421 > next build
#12 0.421 
#12 0.750 Attention: Next.js now collects completely anonymous telemetry regarding usage.
#12 0.751 This information is used to shape Next.js' roadmap and prioritize features.
#12 0.751 You can learn more, including how to opt-out if you'd not like to participate in this anonymous program, by visiting the following URL:
#12 0.751 https://nextjs.org/telemetry
#12 0.751 
#12 0.763 ▲ Next.js 16.2.10 (Turbopack)
#12 0.763 - Environments: .env.production
#12 0.763 
#12 0.843   Creating an optimized production build ...
#12 5.092 ✓ Compiled successfully in 4.1s
#12 5.100   Running TypeScript ...
#12 8.920 Failed to type check.
#12 8.920 
#12 8.923 ./src/app/actions/auth.ts:22:17
#12 8.923 Type error: Property 'set' does not exist on type 'Promise<ReadonlyRequestCookies>'.
#12 8.923 
#12 8.923   [90m20 |[0m     
#12 8.923   [90m21 |[0m     [36mif[0m (data.token) {
#12 8.923 [31m[1m>[0m [90m22 |[0m       cookies().set([32m"auth_token"[0m, data.token, { httpOnly: [36mtrue[0m, secure: [36mtrue[0m, maxAge: [35m8640.[0m..
#12 8.923   [90m   |[0m                 [31m[1m^[0m
#12 8.923   [90m23 |[0m       [90m// Redirect to dashboard on success[0m
#12 8.923   [90m24 |[0m     } [36melse[0m {
#12 8.923   [90m25 |[0m       [90m// Fallback for demo if backend is unavailable[0m
#12 8.972 Next.js build worker exited with code: 1 and signal: null
#12 8.999 npm notice
#12 8.999 npm notice New major version of npm available! 10.8.2 -> 12.0.1
#12 8.999 npm notice Changelog: https://github.com/npm/cli/releases/tag/v12.0.1
#12 8.999 npm notice To update run: npm install -g npm@12.0.1
#12 8.999 npm notice
#12 ERROR: process "/bin/sh -c npm run build" did not complete successfully: exit code: 1
------
 > [builder 5/5] RUN npm run build:
8.923   [90m   |[0m                 [31m[1m^[0m
8.923   [90m23 |[0m       [90m// Redirect to dashboard on success[0m
8.923   [90m24 |[0m     } [36melse[0m {
8.923   [90m25 |[0m       [90m// Fallback for demo if backend is unavailable[0m
8.972 Next.js build worker exited with code: 1 and signal: null
8.999 npm notice
8.999 npm notice New major version of npm available! 10.8.2 -> 12.0.1
8.999 npm notice Changelog: https://github.com/npm/cli/releases/tag/v12.0.1
8.999 npm notice To update run: npm install -g npm@12.0.1
8.999 npm notice
------
Dockerfile:11

--------------------

   9 |     COPY --from=deps /app/node_modules ./node_modules

  10 |     COPY . .

  11 | >>> RUN npm run build

  12 |     

  13 |     FROM node:20-alpine AS runner

--------------------

failed to solve: process "/bin/sh -c npm run build" did not complete successfully: exit code: 1

